<?xml version="1.0" encoding="UTF-8"?>
<testsuite xmlns:xsi="http://www.w3.org/2001/XMLSchema-instance" xsi:noNamespaceSchemaLocation="https://maven.apache.org/surefire/maven-surefire-plugin/xsd/surefire-test-report.xsd" version="3.0.2" name="com.airportSystem.airport_system.AirportSystemApplicationTests" time="6.232" tests="1" errors="0" skipped="0" failures="0" flakes="0">
  <properties>
[...]
</properties>
  <testcase name="contextLoads" classname="com.airportSystem.airport_system.AirportSystemApplicationTests" time="0.381">
    <system-out><![CDATA[17:02:42.759 [main] INFO org.springframework.test.context.support.AnnotationConfigContextLoaderUtils -- Could not detect default configuration classes for test class [com.airportSystem.airport_system.AirportSystemApplicationTests]: AirportSystemApplicationTests does not declare any static, non-private, non-final, nested classes annotated with @Configuration.
17:02:42.867 [main] INFO org.springframework.boot.test.context.SpringBootTestContextBootstrapper -- Found @SpringBootConfiguration com.airportSystem.airport_system.AirportSystemApplication for test class com.airportSystem.airport_system.AirportSystemApplicationTests
17:02:42.954 [main] INFO org.springframework.test.context.support.AnnotationConfigContextLoaderUtils -- Could not detect default configuration classes for test class [com.airportSystem.airport_system.AirportSystemApplicationTests]: AirportSystemApplicationTests does not declare any static, non-private, non-final, nested classes annotated with @Configuration.
17:02:42.956 [main] INFO org.springframework.boot.test.context.SpringBootTestContextBootstrapper -- Found @SpringBootConfiguration com.airportSystem.airport_system.AirportSystemApplication for test class com.airportSystem.airport_system.AirportSystemApplicationTests
17:02:43.050 [main] INFO org.springframework.boot.devtools.restart.RestartApplicationListener -- Restart disabled due to context in which it is running

  .   ____          _            __ _ _
 /\\ / ___'_ __ _ _(_)_ __  __ _ \ \ \ \
( ( )\___ | '_ | '_| | '_ \/ _` | \ \ \ \
 \\/  ___)| |_)| | | | | || (_| |  ) ) ) )
  '  |____| .__|_| |_|_| |_\__, | / / / /
 =========|_|==============|___/=/_/_/_/

 :: Spring Boot ::                (v4.0.6)

2026-05-22T17:02:43.325+05:30  INFO 33716 --- [airport-system] [           main] c.a.a.AirportSystemApplicationTests      : Starting AirportSystemApplicationTests using Java 21.0.8 with PID 33716 (started by Krish in c:\Users\Krish\Desktop\enjoyRide\Airport project (java+react)\airport-system\airport-system)
2026-05-22T17:02:43.327+05:30  INFO 33716 --- [airport-system] [           main] c.a.a.AirportSystemApplicationTests      : No active profile set, falling back to 1 default profile: "default"
2026-05-22T17:02:44.004+05:30  INFO 33716 --- [airport-system] [           main] .s.d.r.c.RepositoryConfigurationDelegate : Bootstrapping Spring Data JPA repositories in DEFAULT mode.
2026-05-22T17:02:44.076+05:30  INFO 33716 --- [airport-system] [           main] .s.d.r.c.RepositoryConfigurationDelegate : Finished Spring Data repository scanning in 62 ms. Found 4 JPA repository interfaces.
2026-05-22T17:02:44.515+05:30  INFO 33716 --- [airport-system] [           main] org.hibernate.orm.jpa                    : HHH008540: Processing PersistenceUnitInfo [name: default]
2026-05-22T17:02:44.563+05:30  INFO 33716 --- [airport-system] [           main] org.hibernate.orm.core                   : HHH000001: Hibernate ORM core version 7.2.12.Final
2026-05-22T17:02:45.090+05:30  INFO 33716 --- [airport-system] [           main] o.s.o.j.p.SpringPersistenceUnitInfo      : No LoadTimeWeaver setup: ignoring JPA class transformer
2026-05-22T17:02:45.127+05:30  INFO 33716 --- [airport-system] [           main] com.zaxxer.hikari.HikariDataSource       : HikariPool-1 - Starting...
2026-05-22T17:02:45.489+05:30  INFO 33716 --- [airport-system] [           main] com.zaxxer.hikari.pool.HikariPool        : HikariPool-1 - Added connection com.mysql.cj.jdbc.ConnectionImpl@61becbcf
2026-05-22T17:02:45.491+05:30  INFO 33716 --- [airport-system] [           main] com.zaxxer.hikari.HikariDataSource       : HikariPool-1 - Start completed.
2026-05-22T17:02:45.567+05:30  WARN 33716 --- [airport-system] [           main] org.hibernate.orm.deprecation            : HHH90000025: MySQLDialect does not need to be specified explicitly using 'hibernate.dialect' (remove the property setting and it will be selected by default)
2026-05-22T17:02:45.590+05:30  INFO 33716 --- [airport-system] [           main] org.hibernate.orm.connections.pooling    : HHH10001005: Database info:
	Database JDBC URL [jdbc:mysql://localhost:3306/airport]
	Database driver: MySQL Connector/J
	Database dialect: MySQLDialect
	Database version: 8.0.35
	Default catalog/schema: airport/undefined
	Autocommit mode: undefined/unknown
	Isolation level: REPEATABLE_READ [default REPEATABLE_READ]
	JDBC fetch size: none
	Pool: DataSourceConnectionProvider
	Minimum pool size: undefined/unknown
	Maximum pool size: undefined/unknown
2026-05-22T17:02:46.566+05:30  INFO 33716 --- [airport-system] [           main] org.hibernate.orm.core                   : HHH000489: No JTA platform available (set 'hibernate.transaction.jta.platform' to enable JTA platform integration)
2026-05-22T17:02:46.649+05:30  INFO 33716 --- [airport-system] [           main] j.LocalContainerEntityManagerFactoryBean : Initialized JPA EntityManagerFactory for persistence unit 'default'
2026-05-22T17:02:46.756+05:30  INFO 33716 --- [airport-system] [           main] o.s.d.j.r.query.QueryEnhancerFactories   : Hibernate is in classpath; If applicable, HQL parser will be used.
2026-05-22T17:02:47.846+05:30  WARN 33716 --- [airport-system] [           main] JpaBaseConfiguration$JpaWebConfiguration : spring.jpa.open-in-view is enabled by default. Therefore, database queries may be performed during view rendering. Explicitly configure spring.jpa.open-in-view to disable this warning
2026-05-22T17:02:48.362+05:30  INFO 33716 --- [airport-system] [           main] c.a.a.AirportSystemApplicationTests      : Started AirportSystemApplicationTests in 5.325 seconds (process running for 6.635)
]]></system-out>
    <system-err><![CDATA[Mockito is currently self-attaching to enable the inline-mock-maker. This will no longer work in future releases of the JDK. Please add Mockito as an agent to your build as described in Mockito's documentation: https://javadoc.io/doc/org.mockito/mockito-core/latest/org.mockito/org/mockito/Mockito.html#0.3
WARNING: A Java agent has been loaded dynamically (C:\Users\Krish\.m2\repository\net\bytebuddy\byte-buddy-agent\1.17.8\byte-buddy-agent-1.17.8.jar)
WARNING: If a serviceability tool is in use, please run with -XX:+EnableDynamicAgentLoading to hide this warning
WARNING: If a serviceability tool is not in use, please run with -Djdk.instrument.traceUsage for more information
WARNING: Dynamic loading of agents will be disallowed by default in a future release
]]></system-err>
  </testcase>
</testsuite>